BUILD: Computing Include file dependencies:
BUILD: Examining c:\work\ps\src\plpu-s2k directory for files to compile.
Compiling c:\work\ps\src\plpu-s2k directory ********************
'nmake.exe /c BUILDMSG=Stop. -i NTTEST= UMTEST= NOLINK=1 NOPASS0=1 386=1'
    rc -l 409 -DSXS_ASSEMBLY_NAME=""""""  -DSXS_ASSEMBLY_VERSION=""""""  -DSXS_ASSEMBLY_LANGUAGE=""""""  -DSXS_PROCESSOR_ARCHITECTURE="""x86"""  -DSXS_TARGET="""PLP2KUS.sys"""   -DSYSTEM_COMPATIBLE_ASSEMBLY_NAME="""Microsoft.Windows.SystemCompatible"""  -DLSYSTEM_COMPATIBLE_ASSEMBLY_NAME=L"""Microsoft.Windows.SystemCompatible"""   -z "MS Sans Serif,Helv/MS Shell Dlg"  -r -fo objchk_w2K_x86\i386\plp2kus.res -D_X86_=1 -Di386=1  -DSTD_CALL -DCONDITION_HANDLING=1   -DNT_INST=0 -DWIN32=100 -D_NT1X_=100 -DWINNT=1 -D_WIN32_WINNT=0x0500 /DWINVER=0x0500 -D_WIN32_IE=0x0501    -DWIN32_LEAN_AND_MEAN=1 -DDEVL=1 -DDBG=1 -D__BUILDMACHINE__=WinDDK -DFPO=0  -DNDEBUG -D_DLL=1    -IC:\WINDDK\3790.1039\inc\mfc42 -Iobjchk_w2K_x86\i386 -IC:\WINDDK\3790.1039\inc\w2K -IC:\WINDDK\3790.1039\inc\w2K -IC:\WINDDK\3790.1039\inc\ddk\wdm\w2K -IC:\WINDDK\3790.1039\inc\crt .\plp2kus.rc
cl -nologo -Ii386\ -I. -IC:\WINDDK\3790.1039\inc\mfc42 -Iobjchk_w2K_x86\i386 -IC:\WINDDK\3790.1039\inc\w2K -IC:\WINDDK\3790.1039\inc\w2K -IC:\WINDDK\3790.1039\inc\ddk\wdm\w2K -IC:\WINDDK\3790.1039\inc\crt -D_X86_=1 -Di386=1  -DSTD_CALL -DCONDITION_HANDLING=1   -DNT_INST=0 -DWIN32=100 -D_NT1X_=100 -DWINNT=1 -D_WIN32_WINNT=0x0500 /DWINVER=0x0500 -D_WIN32_IE=0x0501    -DWIN32_LEAN_AND_MEAN=1 -DDEVL=1 -DDBG=1 -D__BUILDMACHINE__=WinDDK -DFPO=0  -DNDEBUG -D_DLL=1      /c /Zel /Zp8 /Gy /Gi- /Gm- -cbstring /W3 /WX /Gz  /QIfdiv- /G6 /GX-  /GR- /GF  -Z7 /Od /Oi  /Oy-   -FIC:\WINDDK\3790.1039\inc\w2K\warning.h   .\usbios.c .\busbdbg.c .\init.c .\pnp.c .\pwr.c .\ioctl.c .\ocrw.c .\waitmask.c .\utils.c .\read.c .\modmflow.c .\write.c .\qsfile.c .\purge.c 
usbios.c
busbdbg.c
init.c
pnp.c
pwr.c
ioctl.c
ocrw.c
waitmask.c
utils.c
read.c
modmflow.c
write.c
qsfile.c
purge.c
Generating Code...

Stop.
Linking c:\work\ps\src\plpu-s2k directory ********************
'nmake.exe /c BUILDMSG=Stop. -i LINKONLY=1 NOPASS0=1 NTTEST= UMTEST= 386=1'
	link -out:objchk_w2K_x86\i386\PLP2KUS.sys -machine:ix86 @C:\DOCUME~1\CODEMA~1\LOCALS~1\Temp\nm208.tmp
Microsoft (R) Incremental Linker Version 7.10.2179
Copyright (C) Microsoft Corporation.  All rights reserved.

-MERGE:_PAGE=PAGE 
-MERGE:_TEXT=.text 
-SECTION:INIT,d 
-OPT:REF 
-OPT:ICF 
-IGNORE:4198,4010,4037,4039,4065,4070,4078,4087,4089,4221 
-INCREMENTAL:NO 
-FULLBUILD 
/release 
-NODEFAULTLIB 
/WX 
-debug 
-debugtype:cv 
-version:5.0 
-osversion:5.0 
-map 
-STACK:0x40000,0x1000 
-driver -driver:wdm 
-base:0x10000 
-align:0x80 /stub:C:\WINDDK\3790.1039\lib\w2K\stub512.com 
-subsystem:native,1.10 
-entry:DriverEntry@8 
-out:objchk_w2K_x86\i386\PLP2KUS.sys 
objchk_w2K_x86\i386\plp2kus.res 
objchk_w2K_x86\i386\usbios.obj 
objchk_w2K_x86\i386\busbdbg.obj 
objchk_w2K_x86\i386\init.obj 
objchk_w2K_x86\i386\pnp.obj 
objchk_w2K_x86\i386\pwr.obj 
objchk_w2K_x86\i386\ioctl.obj 
objchk_w2K_x86\i386\ocrw.obj 
objchk_w2K_x86\i386\waitmask.obj 
objchk_w2K_x86\i386\utils.obj 
objchk_w2K_x86\i386\read.obj 
objchk_w2K_x86\i386\modmflow.obj 
objchk_w2K_x86\i386\write.obj 
objchk_w2K_x86\i386\qsfile.obj 
objchk_w2K_x86\i386\purge.obj 
C:\WINDDK\3790.1039\lib\w2K\i386\wdm.lib 
C:\WINDDK\3790.1039\lib\w2K\i386\usbd.lib 
C:\WINDDK\3790.1039\lib\w2K\i386\sehupd.lib 
	mapsym -o objchk_w2K_x86\i386\PLP2KUS.sym objchk_w2K_x86\i386\PLP2KUS.map
Microsoft (R) Symbol File Generator NTGroup Version 6.02
Copyright (C) Microsoft Corp 1984 - 1996.  All rights reserved.
Line number support enabled
Program entry point at 0001:1870
	echo Skip Binplace:
Skip Binplace:

Stop.
